-------------------------------------------------------------------------------
Test set: Report.AllureJunit.RunnerTest
-------------------------------------------------------------------------------
Tests run: 8, Failures: 1, Errors: 0, Skipped: 0, Time elapsed: 43.672 s <<< FAILURE! - in Report.AllureJunit.RunnerTest
Report.AllureJunit.GoogleSearch.test3validatingTitleOfThePage  Time elapsed: 0.574 s  <<< FAILURE!
java.lang.AssertionError
	at Report.AllureJunit.GoogleSearch.test3validatingTitleOfThePage(GoogleSearch.java:71)

