<?xml version="1.0" encoding="UTF-8"?>
<testsuite xmlns:xsi="http://www.w3.org/2001/XMLSchema-instance" xsi:noNamespaceSchemaLocation="https://maven.apache.org/surefire/maven-surefire-plugin/xsd/surefire-test-report-3.0.xsd" version="3.0" name="Report.AllureJunit.RunnerTest" time="43.672" tests="8" errors="0" skipped="0" failures="1">
  <properties>
[...]
</properties>
  <testcase name="test1startUp" classname="Report.AllureJunit.BingSearch" time="21.892">
    <system-err><![CDATA[SLF4J: Failed to load class "org.slf4j.impl.StaticLoggerBinder".
SLF4J: Defaulting to no-operation (NOP) logger implementation
SLF4J: See http://www.slf4j.org/codes.html#StaticLoggerBinder for further details.
Starting ChromeDriver 86.0.4240.22 (398b0743353ff36fb1b82468f63a3a93b4e2e89e-refs/branch-heads/4240@{#378}) on port 39618
Only local connections are allowed.
Please see https://chromedriver.chromium.org/security-considerations for suggestions on keeping ChromeDriver safe.
ChromeDriver was started successfully.
Oct 29, 2020 5:36:28 AM org.openqa.selenium.remote.ProtocolHandshake createSession
INFO: Detected dialect: W3C
]]></system-err>
  </testcase>
  <testcase name="test2bingSearch" classname="Report.AllureJunit.BingSearch" time="5.531"/>
  <testcase name="test3validatingTitleOfThePage" classname="Report.AllureJunit.BingSearch" time="1.801"/>
  <testcase name="test4tearDown" classname="Report.AllureJunit.BingSearch" time="1.005"/>
  <testcase name="test1startUp" classname="Report.AllureJunit.GoogleSearch" time="6.358">
    <system-err><![CDATA[Starting ChromeDriver 86.0.4240.22 (398b0743353ff36fb1b82468f63a3a93b4e2e89e-refs/branch-heads/4240@{#378}) on port 38145
Only local connections are allowed.
Please see https://chromedriver.chromium.org/security-considerations for suggestions on keeping ChromeDriver safe.
ChromeDriver was started successfully.
Oct 29, 2020 5:36:43 AM org.openqa.selenium.remote.ProtocolHandshake createSession
INFO: Detected dialect: W3C
]]></system-err>
  </testcase>
  <testcase name="test2googleSearch" classname="Report.AllureJunit.GoogleSearch" time="4.066"/>
  <testcase name="test3validatingTitleOfThePage" classname="Report.AllureJunit.GoogleSearch" time="0.574">
    <failure type="java.lang.AssertionError"><![CDATA[java.lang.AssertionError
	at Report.AllureJunit.GoogleSearch.test3validatingTitleOfThePage(GoogleSearch.java:71)
]]></failure>
  </testcase>
  <testcase name="test4tearDown" classname="Report.AllureJunit.GoogleSearch" time="0.288"/>
</testsuite>